app/build/intermediates/manifest_merge_blame_file/debug/manifest-merger-blame-debug-report.txt
1<?xml version="1.0" encoding="utf-8"?>
2<manifest xmlns:android="http://schemas.android.com/apk/res/android"
3    package="com.sba.sastracgpa"
4    android:versionCode="1"
5    android:versionName="1.0" >
6
7    <uses-sdk
8        android:minSdkVersion="21"
8-->src/main/AndroidManifest.xml
9        android:targetSdkVersion="29" />
9-->src/main/AndroidManifest.xml
10
11    <uses-permission android:name="android.permission.INTERNET" />
11-->src/main/AndroidManifest.xml:5:5-67
11-->src/main/AndroidManifest.xml:5:22-64
12    <uses-permission android:name="android.permission.ACCESS_NETWORK_STATE" />
12-->src/main/AndroidManifest.xml:6:5-79
12-->src/main/AndroidManifest.xml:6:22-76
13
14    <application
14-->src/main/AndroidManifest.xml:8:5-34:19
15        android:allowBackup="true"
15-->src/main/AndroidManifest.xml:9:9-35
16        android:appComponentFactory="androidx.core.app.CoreComponentFactory"
16-->[androidx.core:core:1.1.0] AndroidManifest.xml:24:18-86
17        android:debuggable="true"
18        android:icon="@mipmap/ic_launcher"
18-->src/main/AndroidManifest.xml:10:9-43
19        android:label="@string/app_name"
19-->src/main/AndroidManifest.xml:11:9-41
20        android:roundIcon="@mipmap/ic_launcher_round"
20-->src/main/AndroidManifest.xml:12:9-54
21        android:supportsRtl="true"
21-->src/main/AndroidManifest.xml:13:9-35
22        android:testOnly="true"
23        android:theme="@style/AppTheme" >
23-->src/main/AndroidManifest.xml:14:9-40
24        <activity
24-->src/main/AndroidManifest.xml:15:9-17:58
25            android:name="com.sba.sastracgpa.TargetCgpaActivity"
25-->src/main/AndroidManifest.xml:16:13-47
26            android:parentActivityName="com.sba.sastracgpa.MainActivity" />
26-->src/main/AndroidManifest.xml:17:13-55
27        <activity android:name="com.sba.sastracgpa.WebpageActivity" />
27-->src/main/AndroidManifest.xml:18:9-53
27-->src/main/AndroidManifest.xml:18:19-50
28        <activity
28-->src/main/AndroidManifest.xml:19:9-21:58
29            android:name="com.sba.sastracgpa.NewsAndEvents"
29-->src/main/AndroidManifest.xml:20:13-42
30            android:parentActivityName="com.sba.sastracgpa.MainActivity" />
30-->src/main/AndroidManifest.xml:21:13-55
31        <activity
31-->src/main/AndroidManifest.xml:22:9-24:58
32            android:name="com.sba.sastracgpa.TargetActivity"
32-->src/main/AndroidManifest.xml:23:13-43
33            android:parentActivityName="com.sba.sastracgpa.MainActivity" />
33-->src/main/AndroidManifest.xml:24:13-55
34        <activity android:name="com.sba.sastracgpa.GraphActivity" />
34-->src/main/AndroidManifest.xml:25:9-51
34-->src/main/AndroidManifest.xml:25:19-48
35        <activity android:name="com.sba.sastracgpa.CgpaActivity" />
35-->src/main/AndroidManifest.xml:26:9-50
35-->src/main/AndroidManifest.xml:26:19-47
36        <activity android:name="com.sba.sastracgpa.MainActivity" >
36-->src/main/AndroidManifest.xml:27:9-33:20
36-->src/main/AndroidManifest.xml:27:19-47
37            <intent-filter>
37-->src/main/AndroidManifest.xml:28:13-32:29
38                <action android:name="android.intent.action.MAIN" />
38-->src/main/AndroidManifest.xml:29:17-69
38-->src/main/AndroidManifest.xml:29:25-66
39
40                <category android:name="android.intent.category.LAUNCHER" />
40-->src/main/AndroidManifest.xml:31:17-77
40-->src/main/AndroidManifest.xml:31:27-74
41            </intent-filter>
42        </activity>
43    </application>
44
45</manifest>